mode: set
authentication/src/controllers/auth-controller.go:63.19,75.2 1 1
authentication/src/controllers/auth-controller.go:88.52,91.16 3 1
authentication/src/controllers/auth-controller.go:91.16,94.3 2 0
authentication/src/controllers/auth-controller.go:96.2,96.37 1 1
authentication/src/controllers/auth-controller.go:96.37,99.3 2 1
authentication/src/controllers/auth-controller.go:101.2,102.19 2 1
authentication/src/controllers/auth-controller.go:102.19,105.3 2 1
authentication/src/controllers/auth-controller.go:107.2,108.23 2 1
authentication/src/controllers/auth-controller.go:108.23,111.3 2 0
authentication/src/controllers/auth-controller.go:113.2,119.16 3 1
authentication/src/controllers/auth-controller.go:119.16,122.3 2 0
authentication/src/controllers/auth-controller.go:125.2,126.16 2 1
authentication/src/controllers/auth-controller.go:126.16,129.3 2 0
authentication/src/controllers/auth-controller.go:131.2,132.16 2 1
authentication/src/controllers/auth-controller.go:132.16,135.3 2 0
authentication/src/controllers/auth-controller.go:137.2,137.104 1 1
authentication/src/controllers/auth-controller.go:153.56,156.16 3 1
authentication/src/controllers/auth-controller.go:156.16,159.3 2 0
authentication/src/controllers/auth-controller.go:161.2,162.19 2 1
authentication/src/controllers/auth-controller.go:162.19,165.3 2 0
authentication/src/controllers/auth-controller.go:167.2,168.23 2 1
authentication/src/controllers/auth-controller.go:168.23,171.3 2 1
authentication/src/controllers/auth-controller.go:173.2,180.16 3 1
authentication/src/controllers/auth-controller.go:180.16,183.3 2 0
authentication/src/controllers/auth-controller.go:185.2,185.70 1 1
authentication/src/controllers/auth-controller.go:199.52,203.46 2 1
authentication/src/controllers/auth-controller.go:203.46,207.3 2 0
authentication/src/controllers/auth-controller.go:209.2,210.19 2 1
authentication/src/controllers/auth-controller.go:210.19,213.3 2 1
authentication/src/controllers/auth-controller.go:215.2,216.16 2 1
authentication/src/controllers/auth-controller.go:216.16,219.3 2 0
authentication/src/controllers/auth-controller.go:221.2,221.104 1 1
authentication/src/controllers/auth-controller.go:221.104,224.3 2 0
authentication/src/controllers/auth-controller.go:227.2,228.16 2 1
authentication/src/controllers/auth-controller.go:228.16,231.3 2 0
authentication/src/controllers/auth-controller.go:233.2,234.16 2 1
authentication/src/controllers/auth-controller.go:234.16,237.3 2 0
authentication/src/controllers/auth-controller.go:239.2,239.99 1 1
authentication/src/controllers/auth-controller.go:257.63,261.16 3 1
authentication/src/controllers/auth-controller.go:261.16,264.3 2 0
authentication/src/controllers/auth-controller.go:266.2,267.16 2 1
authentication/src/controllers/auth-controller.go:267.16,270.3 2 0
authentication/src/controllers/auth-controller.go:271.2,272.16 2 1
authentication/src/controllers/auth-controller.go:272.16,275.3 2 0
authentication/src/controllers/auth-controller.go:277.2,278.29 2 1
authentication/src/controllers/auth-controller.go:278.29,281.3 2 1
authentication/src/controllers/auth-controller.go:283.2,283.33 1 1
authentication/src/controllers/auth-controller.go:297.53,299.15 2 1
authentication/src/controllers/auth-controller.go:299.15,302.3 2 0
authentication/src/controllers/auth-controller.go:304.2,305.16 2 1
authentication/src/controllers/auth-controller.go:305.16,308.3 2 0
authentication/src/controllers/auth-controller.go:310.2,312.32 2 1
authentication/src/controllers/auth-controller.go:329.57,331.11 2 1
authentication/src/controllers/auth-controller.go:331.11,334.3 2 1
authentication/src/controllers/auth-controller.go:336.2,339.15 3 1
authentication/src/controllers/auth-controller.go:339.15,342.3 2 0
authentication/src/controllers/auth-controller.go:344.2,344.50 1 1
authentication/src/controllers/auth-controller.go:344.50,347.3 2 0
authentication/src/controllers/auth-controller.go:349.2,351.16 3 1
authentication/src/controllers/auth-controller.go:351.16,354.3 2 0
authentication/src/controllers/auth-controller.go:356.2,356.43 1 1
authentication/src/controllers/auth-controller.go:356.43,359.3 2 0
authentication/src/controllers/auth-controller.go:361.2,362.19 2 1
authentication/src/controllers/auth-controller.go:362.19,365.3 2 1
authentication/src/controllers/auth-controller.go:367.2,368.16 2 1
authentication/src/controllers/auth-controller.go:368.16,371.3 2 0
authentication/src/controllers/auth-controller.go:373.2,373.60 1 1
authentication/src/controllers/auth-controller.go:373.60,376.3 2 0
authentication/src/controllers/auth-controller.go:378.2,385.16 3 1
authentication/src/controllers/auth-controller.go:385.16,388.3 2 0
authentication/src/controllers/auth-controller.go:391.2,392.16 2 1
authentication/src/controllers/auth-controller.go:392.16,395.3 2 0
authentication/src/controllers/auth-controller.go:397.2,398.16 2 1
authentication/src/controllers/auth-controller.go:398.16,401.3 2 0
authentication/src/controllers/auth-controller.go:403.2,403.99 1 1
authentication/src/controllers/auth-controller.go:417.67,420.16 3 1
authentication/src/controllers/auth-controller.go:420.16,423.3 2 0
authentication/src/controllers/auth-controller.go:425.2,425.42 1 1
authentication/src/controllers/auth-controller.go:425.42,428.3 2 1
authentication/src/controllers/auth-controller.go:430.2,431.16 2 1
authentication/src/controllers/auth-controller.go:431.16,434.3 2 0
authentication/src/controllers/auth-controller.go:436.2,437.23 2 1
authentication/src/controllers/auth-controller.go:437.23,440.3 2 0
authentication/src/controllers/auth-controller.go:442.2,443.16 2 1
authentication/src/controllers/auth-controller.go:443.16,446.3 2 0
authentication/src/controllers/auth-controller.go:448.2,448.72 1 1
authentication/src/controllers/auth-controller.go:463.60,466.16 3 1
authentication/src/controllers/auth-controller.go:466.16,469.3 2 1
authentication/src/controllers/auth-controller.go:471.2,473.16 3 1
authentication/src/controllers/auth-controller.go:473.16,476.3 2 0
authentication/src/controllers/auth-controller.go:478.2,478.38 1 1
authentication/src/controllers/auth-controller.go:478.38,481.3 2 0
authentication/src/controllers/auth-controller.go:483.2,483.55 1 1
authentication/src/controllers/auth-controller.go:483.55,486.3 2 1
authentication/src/controllers/auth-controller.go:488.2,488.45 1 1
authentication/src/controllers/auth-controller.go:488.45,491.3 2 1
authentication/src/controllers/auth-controller.go:493.2,494.19 2 1
authentication/src/controllers/auth-controller.go:494.19,497.3 2 1
authentication/src/controllers/auth-controller.go:499.2,500.23 2 1
authentication/src/controllers/auth-controller.go:500.23,503.3 2 1
authentication/src/controllers/auth-controller.go:505.2,506.11 2 1
authentication/src/controllers/auth-controller.go:506.11,509.3 2 0
authentication/src/controllers/auth-controller.go:511.2,517.16 3 1
authentication/src/controllers/auth-controller.go:517.16,520.3 2 0
authentication/src/controllers/auth-controller.go:523.2,524.16 2 1
authentication/src/controllers/auth-controller.go:524.16,527.3 2 0
authentication/src/controllers/auth-controller.go:529.2,530.16 2 1
authentication/src/controllers/auth-controller.go:530.16,533.3 2 0
authentication/src/controllers/auth-controller.go:535.2,535.99 1 1
authentication/src/controllers/auth-controller.go:553.58,555.11 2 1
authentication/src/controllers/auth-controller.go:555.11,558.3 2 0
authentication/src/controllers/auth-controller.go:560.2,564.16 4 1
authentication/src/controllers/auth-controller.go:564.16,567.3 2 0
authentication/src/controllers/auth-controller.go:569.2,569.44 1 1
authentication/src/controllers/auth-controller.go:569.44,572.3 2 0
authentication/src/controllers/auth-controller.go:574.2,575.16 2 1
authentication/src/controllers/auth-controller.go:575.16,578.3 2 0
authentication/src/controllers/auth-controller.go:580.2,580.61 1 1
authentication/src/controllers/auth-controller.go:580.61,583.3 2 0
authentication/src/controllers/auth-controller.go:585.2,592.16 3 1
authentication/src/controllers/auth-controller.go:592.16,595.3 2 0
authentication/src/controllers/auth-controller.go:598.2,599.16 2 1
authentication/src/controllers/auth-controller.go:599.16,602.3 2 0
authentication/src/controllers/auth-controller.go:604.2,605.16 2 1
authentication/src/controllers/auth-controller.go:605.16,608.3 2 0
authentication/src/controllers/auth-controller.go:610.2,610.99 1 1
authentication/src/controllers/auth-controller.go:625.52,632.15 5 1
authentication/src/controllers/auth-controller.go:632.15,635.3 2 0
authentication/src/controllers/auth-controller.go:637.2,637.50 1 1
authentication/src/controllers/auth-controller.go:637.50,640.3 2 1
authentication/src/controllers/auth-controller.go:642.2,643.16 2 1
authentication/src/controllers/auth-controller.go:643.16,646.3 2 0
authentication/src/controllers/auth-controller.go:648.2,649.16 2 1
authentication/src/controllers/auth-controller.go:649.16,652.3 2 0
authentication/src/controllers/auth-controller.go:654.2,655.16 2 1
authentication/src/controllers/auth-controller.go:655.16,658.3 2 0
authentication/src/controllers/auth-controller.go:660.2,661.16 2 1
authentication/src/controllers/auth-controller.go:661.16,665.3 3 0
authentication/src/controllers/auth-controller.go:667.2,667.63 1 1
authentication/src/controllers/auth-controller.go:681.58,688.16 4 1
authentication/src/controllers/auth-controller.go:688.16,691.3 2 0
authentication/src/controllers/auth-controller.go:693.2,694.17 2 1
authentication/src/controllers/auth-controller.go:694.17,697.3 2 1
authentication/src/controllers/auth-controller.go:699.2,700.16 2 1
authentication/src/controllers/auth-controller.go:700.16,703.3 2 0
authentication/src/controllers/auth-controller.go:705.2,705.14 1 1
authentication/src/controllers/auth-controller.go:705.14,708.3 2 0
authentication/src/controllers/auth-controller.go:710.2,711.16 2 1
authentication/src/controllers/auth-controller.go:711.16,714.3 2 0
authentication/src/controllers/auth-controller.go:717.2,718.16 2 1
authentication/src/controllers/auth-controller.go:718.16,721.3 2 0
authentication/src/controllers/auth-controller.go:723.2,724.16 2 1
authentication/src/controllers/auth-controller.go:724.16,727.3 2 0
authentication/src/controllers/auth-controller.go:729.2,729.102 1 1
authentication/src/controllers/auth-controller.go:741.50,746.16 4 1
authentication/src/controllers/auth-controller.go:746.16,750.3 3 0
authentication/src/controllers/auth-controller.go:752.2,752.28 1 1
authentication/src/controllers/auth-controller.go:764.66,769.16 4 1
authentication/src/controllers/auth-controller.go:769.16,773.3 3 0
authentication/src/controllers/auth-controller.go:775.2,775.51 1 1
authentication/src/controllers/auth-controller.go:788.61,793.20 4 1
authentication/src/controllers/auth-controller.go:793.20,796.3 2 0
authentication/src/controllers/auth-controller.go:798.2,799.45 2 1
authentication/src/controllers/auth-controller.go:799.45,802.3 2 0
authentication/src/controllers/auth-controller.go:804.2,804.139 1 1
authentication/src/controllers/auth-controller.go:804.139,807.3 2 0
authentication/src/controllers/auth-controller.go:809.2,812.16 3 1
authentication/src/controllers/auth-controller.go:812.16,816.3 3 0
authentication/src/controllers/auth-controller.go:818.2,818.21 1 1
authentication/src/controllers/auth-controller.go:831.58,836.20 4 1
authentication/src/controllers/auth-controller.go:836.20,839.3 2 0
authentication/src/controllers/auth-controller.go:841.2,842.45 2 1
authentication/src/controllers/auth-controller.go:842.45,845.3 2 0
authentication/src/controllers/auth-controller.go:847.2,847.131 1 1
authentication/src/controllers/auth-controller.go:847.131,850.3 2 0
authentication/src/controllers/auth-controller.go:852.2,855.16 3 1
authentication/src/controllers/auth-controller.go:855.16,859.3 3 0
authentication/src/controllers/auth-controller.go:861.2,861.18 1 1
authentication/src/controllers/auth-controller.go:864.49,873.2 1 1
authentication/src/controllers/auth-controller.go:875.107,877.16 2 1
authentication/src/controllers/auth-controller.go:877.16,879.3 1 0
authentication/src/controllers/auth-controller.go:881.2,881.25 1 1
authentication/src/controllers/auth-controller.go:899.112,901.16 2 1
authentication/src/controllers/auth-controller.go:901.16,903.3 1 0
authentication/src/controllers/auth-controller.go:905.2,905.26 1 1
authentication/src/controllers/auth-controller.go:912.49,917.41 4 0
authentication/src/controllers/auth-controller.go:917.41,920.3 2 0
authentication/src/controllers/auth-controller.go:922.2,925.16 3 0
authentication/src/controllers/auth-controller.go:925.16,928.3 2 0
authentication/src/controllers/auth-controller.go:930.2,933.16 4 0
authentication/src/controllers/auth-controller.go:933.16,937.3 3 0
authentication/src/controllers/auth-controller.go:939.2,940.41 2 0
authentication/src/http/response-credentials.go:18.121,31.2 2 1
authentication/src/http/response-user.go:12.73,21.2 2 1
authentication/src/nats/listen.go:22.11,27.2 2 0
authentication/src/nats/listen.go:29.27,33.2 2 0
authentication/src/nats/nats-metrics.go:18.15,36.2 3 1
authentication/src/nats/nats-metrics.go:38.53,40.2 1 0
authentication/src/nats/nats-metrics.go:42.40,44.2 1 0
authentication/src/nats/listeners/customer-deleted-listener.go:15.60,17.2 1 0
authentication/src/nats/listeners/customer-deleted-listener.go:19.76,20.29 1 0
authentication/src/nats/listeners/customer-deleted-listener.go:20.29,29.17 7 0
authentication/src/nats/listeners/customer-deleted-listener.go:29.17,31.4 1 0
authentication/src/routers/router.go:33.11,40.2 1 1
authentication/src/routers/router.go:42.44,90.26 26 1
authentication/src/routers/router.go:90.26,92.3 1 1
authentication/src/routers/router.go:94.2,94.15 1 1
authentication/src/routers/router.go:97.42,98.25 1 1
authentication/src/routers/router.go:98.25,100.3 1 0
authentication/src/routers/router.go:100.8,102.3 1 1
authentication/src/routers/router.go:104.2,104.18 1 1
authentication/src/security/manager-certificates.go:27.24,34.2 2 1
authentication/src/security/manager-certificates.go:36.56,37.35 1 1
authentication/src/security/manager-certificates.go:37.35,41.3 2 1
authentication/src/security/manager-certificates.go:43.2,44.16 2 1
authentication/src/security/manager-certificates.go:44.16,46.3 1 0
authentication/src/security/manager-certificates.go:48.2,48.77 1 1
authentication/src/security/manager-certificates.go:48.77,50.17 2 0
authentication/src/security/manager-certificates.go:50.17,52.4 1 0
authentication/src/security/manager-certificates.go:56.2,56.13 1 1
authentication/src/security/manager-certificates.go:59.54,61.2 1 0
authentication/src/security/manager-certificates.go:63.54,65.16 2 1
authentication/src/security/manager-certificates.go:65.16,67.3 1 0
authentication/src/security/manager-certificates.go:69.2,70.16 2 1
authentication/src/security/manager-certificates.go:70.16,72.3 1 0
authentication/src/security/manager-certificates.go:74.2,75.16 2 1
authentication/src/security/manager-certificates.go:75.16,77.3 1 0
authentication/src/security/manager-certificates.go:79.2,79.12 1 1
authentication/src/security/manager-security-keys.go:42.24,47.2 1 1
authentication/src/security/manager-security-keys.go:49.82,54.42 3 1
authentication/src/security/manager-security-keys.go:54.42,62.3 2 1
authentication/src/security/manager-security-keys.go:64.2,64.19 1 1
authentication/src/security/manager-security-keys.go:67.119,75.42 5 1
authentication/src/security/manager-security-keys.go:75.42,77.17 2 1
authentication/src/security/manager-security-keys.go:77.17,79.4 1 0
authentication/src/security/manager-security-keys.go:81.3,92.63 4 1
authentication/src/security/manager-security-keys.go:95.2,95.30 1 1
authentication/src/security/manager-security-keys.go:98.77,99.17 1 1
authentication/src/security/manager-security-keys.go:99.17,101.3 1 0
authentication/src/security/manager-security-keys.go:103.2,103.13 1 1
authentication/src/security/manager-security-keys.go:106.77,108.29 2 1
authentication/src/security/manager-security-keys.go:108.29,111.3 2 1
authentication/src/security/manager-security-keys.go:113.2,113.29 1 1
authentication/src/security/manager-security-keys.go:113.29,115.17 2 1
authentication/src/security/manager-security-keys.go:115.17,117.4 1 0
authentication/src/security/manager-security-keys.go:119.3,121.26 2 1
authentication/src/security/manager-security-keys.go:124.2,125.24 2 1
authentication/src/security/manager-security-keys.go:125.24,127.17 2 0
authentication/src/security/manager-security-keys.go:127.17,130.4 2 0
authentication/src/security/manager-security-keys.go:132.3,133.38 2 0
authentication/src/security/manager-security-keys.go:136.2,137.23 2 1
authentication/src/security/manager-security-keys.go:137.23,139.17 2 0
authentication/src/security/manager-security-keys.go:139.17,141.4 1 0
authentication/src/security/manager-security-keys.go:143.3,143.25 1 0
authentication/src/security/manager-security-keys.go:146.2,146.25 1 1
authentication/src/security/manager-security-keys.go:149.87,151.16 2 1
authentication/src/security/manager-security-keys.go:151.16,153.3 1 0
authentication/src/security/manager-security-keys.go:162.2,162.29 1 1
authentication/src/security/manager-security-keys.go:165.78,170.16 4 1
authentication/src/security/manager-security-keys.go:170.16,172.3 1 0
authentication/src/security/manager-security-keys.go:174.2,174.30 1 1
authentication/src/security/manager-security-keys.go:174.30,176.3 1 1
authentication/src/security/manager-security-keys.go:178.2,178.42 1 0
authentication/src/security/manager-security-keys.go:178.42,180.17 2 0
authentication/src/security/manager-security-keys.go:180.17,182.4 1 0
authentication/src/security/manager-security-keys.go:183.3,183.39 1 0
authentication/src/security/manager-security-keys.go:186.2,186.21 1 0
authentication/src/security/manager-security-keys.go:189.139,191.16 2 0
authentication/src/security/manager-security-keys.go:191.16,193.3 1 0
authentication/src/security/manager-security-keys.go:195.2,196.52 2 0
authentication/src/security/manager-security-keys.go:196.52,198.3 1 0
authentication/src/security/manager-security-keys.go:200.2,201.44 2 0
authentication/src/security/manager-security-keys.go:201.44,203.3 1 0
authentication/src/security/manager-security-keys.go:205.2,213.29 2 0
authentication/src/security/manager-security-keys.go:216.85,218.16 2 1
authentication/src/security/manager-security-keys.go:218.16,220.3 1 0
authentication/src/security/manager-security-keys.go:222.2,223.16 2 1
authentication/src/security/manager-security-keys.go:223.16,225.3 1 0
authentication/src/security/manager-security-keys.go:227.2,239.16 5 1
authentication/src/security/manager-security-keys.go:239.16,241.3 1 0
authentication/src/security/manager-security-keys.go:243.2,243.47 1 1
authentication/src/security/manager-security-keys.go:243.47,245.17 2 1
authentication/src/security/manager-security-keys.go:245.17,247.4 1 0
authentication/src/security/manager-security-keys.go:250.2,258.17 2 1
authentication/src/security/manager-security-keys.go:258.17,262.3 3 0
authentication/src/security/manager-security-keys.go:262.8,264.3 1 1
authentication/src/security/manager-security-keys.go:266.2,266.29 1 1
authentication/src/security/manager-security-keys.go:269.111,271.16 2 1
authentication/src/security/manager-security-keys.go:271.16,273.3 1 0
authentication/src/security/manager-security-keys.go:275.2,275.48 1 1
authentication/src/security/manager-security-keys.go:275.48,277.3 1 0
authentication/src/security/manager-security-keys.go:279.2,282.16 3 1
authentication/src/security/manager-security-keys.go:282.16,284.3 1 0
authentication/src/security/manager-security-keys.go:286.2,286.25 1 1
authentication/src/security/manager-security-keys.go:289.152,296.2 4 1
authentication/src/security/manager-security-keys.go:298.87,302.16 4 1
authentication/src/security/manager-security-keys.go:302.16,305.3 2 0
authentication/src/security/manager-security-keys.go:306.2,307.16 2 1
authentication/src/security/manager-security-keys.go:307.16,310.3 2 0
authentication/src/security/manager-security-keys.go:312.2,312.12 1 1
authentication/src/security/manager-security-keys.go:315.52,317.2 1 1
authentication/src/security/manager-security-keys.go:319.120,324.16 4 1
authentication/src/security/manager-security-keys.go:324.16,326.3 1 0
authentication/src/security/manager-security-keys.go:328.2,328.47 1 1
authentication/src/security/manager-security-keys.go:328.47,330.3 1 0
authentication/src/security/manager-security-keys.go:332.2,333.16 2 1
authentication/src/security/manager-security-keys.go:333.16,335.3 1 0
authentication/src/security/manager-security-keys.go:336.2,336.17 1 1
authentication/src/security/jwt/manager-tokens.go:29.17,34.2 1 1
authentication/src/security/jwt/manager-tokens.go:36.93,37.22 1 1
authentication/src/security/jwt/manager-tokens.go:37.22,39.3 1 1
authentication/src/security/jwt/manager-tokens.go:41.2,41.22 1 1
authentication/src/security/jwt/manager-tokens.go:41.22,43.3 1 1
authentication/src/security/jwt/manager-tokens.go:45.2,46.28 2 1
authentication/src/security/jwt/manager-tokens.go:46.28,48.3 1 0
authentication/src/security/jwt/manager-tokens.go:50.2,75.16 7 1
authentication/src/security/jwt/manager-tokens.go:75.16,77.3 1 0
authentication/src/security/jwt/manager-tokens.go:79.2,81.16 3 1
authentication/src/security/jwt/manager-tokens.go:81.16,83.3 1 0
authentication/src/security/jwt/manager-tokens.go:85.2,94.16 8 1
authentication/src/security/jwt/manager-tokens.go:94.16,96.3 1 0
authentication/src/security/jwt/manager-tokens.go:98.2,98.25 1 1
authentication/src/security/jwt/manager-tokens.go:101.98,102.17 1 1
authentication/src/security/jwt/manager-tokens.go:102.17,104.3 1 1
authentication/src/security/jwt/manager-tokens.go:106.2,107.28 2 1
authentication/src/security/jwt/manager-tokens.go:107.28,109.3 1 0
authentication/src/security/jwt/manager-tokens.go:111.2,121.16 6 1
authentication/src/security/jwt/manager-tokens.go:121.16,123.3 1 0
authentication/src/security/jwt/manager-tokens.go:125.2,127.16 3 1
authentication/src/security/jwt/manager-tokens.go:127.16,129.3 1 0
authentication/src/security/jwt/manager-tokens.go:131.2,140.16 8 1
authentication/src/security/jwt/manager-tokens.go:140.16,142.3 1 0
authentication/src/security/jwt/manager-tokens.go:144.2,144.32 1 1
authentication/src/services/authentications-service.go:20.26,24.2 1 1
authentication/src/services/authentications-service.go:26.136,28.2 1 1
authentication/src/services/authentications-service.go:30.108,32.2 1 1
authentication/src/services/authentications-service.go:34.114,36.2 1 1
authentication/src/services/authentications-service.go:38.108,40.23 2 1
authentication/src/services/authentications-service.go:40.23,43.3 2 1
authentication/src/services/authentications-service.go:45.2,48.16 3 1
authentication/src/services/authentications-service.go:48.16,50.3 1 0
authentication/src/services/authentications-service.go:51.2,54.16 3 1
authentication/src/services/authentications-service.go:54.16,56.3 1 0
authentication/src/services/authentications-service.go:58.2,60.18 2 1
authentication/src/services/authentications-service.go:63.113,65.49 2 1
authentication/src/services/authentications-service.go:65.49,67.3 1 1
authentication/src/services/authentications-service.go:69.2,70.16 2 1
authentication/src/services/authentications-service.go:70.16,72.3 1 0
authentication/src/services/authentications-service.go:74.2,74.18 1 1
authentication/src/services/authentications-service.go:77.116,78.25 1 1
authentication/src/services/authentications-service.go:78.25,80.3 1 1
authentication/src/services/authentications-service.go:82.2,83.16 2 1
authentication/src/services/authentications-service.go:83.16,85.3 1 0
authentication/src/services/authentications-service.go:86.2,89.16 3 1
authentication/src/services/authentications-service.go:89.16,91.3 1 0
authentication/src/services/authentications-service.go:93.2,93.18 1 1
authentication/src/services/authentications-service.go:96.114,98.16 2 1
authentication/src/services/authentications-service.go:98.16,100.3 1 1
authentication/src/services/authentications-service.go:102.2,102.18 1 1
authentication/src/services/authentications-service.go:105.96,107.2 1 1
authentication/src/services/authentications-service.go:109.60,111.16 2 1
authentication/src/services/authentications-service.go:111.16,113.3 1 0
authentication/src/services/authentications-service.go:115.2,115.26 1 1
authentication/src/services/certificates-service.go:32.24,36.2 1 1
authentication/src/services/certificates-service.go:38.86,40.16 2 1
authentication/src/services/certificates-service.go:40.16,42.3 1 0
authentication/src/services/certificates-service.go:44.2,45.16 2 1
authentication/src/services/certificates-service.go:45.16,47.3 1 0
authentication/src/services/certificates-service.go:49.2,50.16 2 1
authentication/src/services/certificates-service.go:50.16,52.3 1 0
authentication/src/services/certificates-service.go:54.2,85.16 4 1
authentication/src/services/certificates-service.go:85.16,87.3 1 0
authentication/src/services/certificates-service.go:89.2,89.35 1 1
authentication/src/services/certificates-service.go:92.100,94.32 2 1
authentication/src/services/certificates-service.go:94.32,96.3 1 0
authentication/src/services/certificates-service.go:98.2,105.16 4 1
authentication/src/services/certificates-service.go:105.16,107.3 1 0
authentication/src/services/certificates-service.go:109.2,109.12 1 1
authentication/src/services/certificates-service.go:112.76,120.16 4 1
authentication/src/services/certificates-service.go:120.16,122.3 1 0
authentication/src/services/certificates-service.go:124.2,124.12 1 1
authentication/src/services/certificates-service.go:127.72,130.16 3 1
authentication/src/services/certificates-service.go:130.16,132.3 1 0
authentication/src/services/certificates-service.go:134.2,134.26 1 1
authentication/src/services/certificates-service.go:137.93,139.16 2 1
authentication/src/services/certificates-service.go:139.16,141.3 1 0
authentication/src/services/certificates-service.go:143.2,145.21 2 1
authentication/src/services/request-codes-service.go:22.23,27.2 1 1
authentication/src/services/request-codes-service.go:29.98,36.26 6 1
authentication/src/services/request-codes-service.go:36.26,39.18 3 1
authentication/src/services/request-codes-service.go:39.18,40.9 1 1
authentication/src/services/request-codes-service.go:43.3,43.20 1 0
authentication/src/services/request-codes-service.go:46.2,46.16 1 1
authentication/src/services/request-codes-service.go:46.16,48.3 1 0
authentication/src/services/request-codes-service.go:50.2,50.18 1 1
authentication/src/services/request-codes-service.go:53.88,54.17 1 1
authentication/src/services/request-codes-service.go:54.17,56.3 1 1
authentication/src/services/request-codes-service.go:58.2,59.16 2 1
authentication/src/services/request-codes-service.go:59.16,61.3 1 0
authentication/src/services/request-codes-service.go:63.2,64.16 2 1
authentication/src/services/request-codes-service.go:64.16,66.3 1 0
authentication/src/services/request-codes-service.go:68.2,68.12 1 1
authentication/src/services/request-codes-service.go:68.12,70.17 2 1
authentication/src/services/request-codes-service.go:70.17,72.4 1 0
authentication/src/services/request-codes-service.go:75.2,75.12 1 1
authentication/src/services/request-codes-service.go:78.116,79.31 1 1
authentication/src/services/request-codes-service.go:79.31,81.3 1 0
authentication/src/services/request-codes-service.go:83.2,83.83 1 1
authentication/src/services/security-keys-service.go:20.24,25.2 1 1
authentication/src/services/security-keys-service.go:27.121,29.2 1 1
authentication/src/services/security-keys-service.go:31.167,35.16 3 1
authentication/src/services/security-keys-service.go:35.16,37.3 1 0
authentication/src/services/security-keys-service.go:39.2,39.26 1 1
authentication/src/services/security-keys-service.go:42.88,44.2 1 1
authentication/src/validators/user-validator.go:38.62,46.16 3 1
authentication/src/validators/user-validator.go:46.16,48.3 1 0
authentication/src/validators/user-validator.go:50.2,50.12 1 1
authentication/src/validators/user-validator.go:53.54,61.16 3 1
authentication/src/validators/user-validator.go:61.16,63.3 1 1
authentication/src/validators/user-validator.go:65.2,65.12 1 1
authentication/src/validators/user-validator.go:68.54,75.16 3 1
authentication/src/validators/user-validator.go:75.16,77.3 1 1
authentication/src/validators/user-validator.go:79.2,79.12 1 1
authentication/src/validators/user-validator.go:82.70,91.16 3 1
authentication/src/validators/user-validator.go:91.16,93.3 1 1
authentication/src/validators/user-validator.go:95.2,95.12 1 1
authentication/src/validators/user-validator.go:98.64,104.16 3 1
authentication/src/validators/user-validator.go:104.16,106.3 1 1
authentication/src/validators/user-validator.go:108.2,108.12 1 1
authentication/tests/mocks/email-service-mock.go:17.46,21.2 1 1
authentication/tests/mocks/email-service-mock.go:23.78,24.17 1 1
authentication/tests/mocks/email-service-mock.go:24.17,26.3 1 0
authentication/tests/mocks/email-service-mock.go:28.2,28.16 1 1
authentication/tests/mocks/email-service-mock.go:28.16,30.3 1 0
authentication/tests/mocks/email-service-mock.go:32.2,34.12 2 1
authentication/tests/mocks/email-service-mock.go:37.69,38.19 1 0
authentication/tests/mocks/email-service-mock.go:38.19,40.3 1 0
authentication/tests/mocks/email-service-mock.go:42.2,42.12 1 0
authentication/tests/mocks/email-service-mock.go:45.45,47.2 1 1
authentication/tests/mocks/request-code-repository-mock.go:21.64,23.2 1 1
authentication/tests/mocks/request-code-repository-mock.go:25.55,27.2 1 1
authentication/tests/mocks/request-code-repository-mock.go:29.80,30.39 1 1
authentication/tests/mocks/request-code-repository-mock.go:30.39,31.57 1 1
authentication/tests/mocks/request-code-repository-mock.go:31.57,33.4 1 1
authentication/tests/mocks/request-code-repository-mock.go:36.2,36.12 1 1
authentication/tests/mocks/request-code-repository-mock.go:39.101,43.2 2 1
authentication/tests/mocks/request-code-repository-mock.go:45.102,46.37 1 1
authentication/tests/mocks/request-code-repository-mock.go:46.37,48.3 1 1
authentication/tests/mocks/request-code-repository-mock.go:50.2,50.12 1 1
authentication/tests/mocks/request-code-repository-mock.go:53.117,55.49 2 1
authentication/tests/mocks/request-code-repository-mock.go:55.49,58.38 2 1
authentication/tests/mocks/request-code-repository-mock.go:58.38,59.54 1 1
authentication/tests/mocks/request-code-repository-mock.go:59.54,62.5 2 1
authentication/tests/mocks/request-code-repository-mock.go:66.2,66.14 1 0
authentication/tests/mocks/security-keys-repository-mock.go:14.66,16.2 1 1
authentication/tests/mocks/security-keys-repository-mock.go:18.56,20.2 1 1
authentication/tests/mocks/security-keys-repository-mock.go:22.125,23.43 1 1
authentication/tests/mocks/security-keys-repository-mock.go:23.43,24.46 1 0
authentication/tests/mocks/security-keys-repository-mock.go:24.46,26.4 1 0
authentication/tests/mocks/security-keys-repository-mock.go:29.2,29.12 1 1
authentication/tests/mocks/security-keys-repository-mock.go:32.82,34.43 2 1
authentication/tests/mocks/security-keys-repository-mock.go:34.43,35.52 1 1
authentication/tests/mocks/security-keys-repository-mock.go:35.52,37.4 1 1
authentication/tests/mocks/security-keys-repository-mock.go:40.2,40.15 1 1
authentication/tests/mocks/security-keys-repository-mock.go:43.122,47.2 2 1
authentication/tests/mocks/security-keys-repository-mock.go:49.140,50.39 1 1
authentication/tests/mocks/security-keys-repository-mock.go:50.39,52.3 1 1
authentication/tests/mocks/security-keys-repository-mock.go:54.2,54.12 1 1
authentication/tests/mocks/security-keys-repository-mock.go:57.89,61.2 2 1
authentication/tests/mocks/user-repository-mock.go:17.50,19.2 1 1
authentication/tests/mocks/user-repository-mock.go:21.48,23.2 1 1
authentication/tests/mocks/user-repository-mock.go:25.79,26.33 1 1
authentication/tests/mocks/user-repository-mock.go:26.33,27.67 1 1
authentication/tests/mocks/user-repository-mock.go:27.67,29.4 1 1
authentication/tests/mocks/user-repository-mock.go:32.2,32.16 1 1
authentication/tests/mocks/user-repository-mock.go:35.127,38.33 2 1
authentication/tests/mocks/user-repository-mock.go:38.33,39.21 1 1
authentication/tests/mocks/user-repository-mock.go:39.21,40.43 1 1
authentication/tests/mocks/user-repository-mock.go:40.43,41.29 1 1
authentication/tests/mocks/user-repository-mock.go:41.29,43.6 1 1
authentication/tests/mocks/user-repository-mock.go:45.9,46.28 1 0
authentication/tests/mocks/user-repository-mock.go:46.28,48.5 1 0
authentication/tests/mocks/user-repository-mock.go:51.3,51.29 1 1
authentication/tests/mocks/user-repository-mock.go:51.29,53.4 1 1
authentication/tests/mocks/user-repository-mock.go:56.2,56.23 1 0
authentication/tests/mocks/user-repository-mock.go:59.99,60.33 1 1
authentication/tests/mocks/user-repository-mock.go:60.33,61.26 1 1
authentication/tests/mocks/user-repository-mock.go:61.26,63.4 1 1
authentication/tests/mocks/user-repository-mock.go:66.2,66.42 1 1
authentication/tests/mocks/user-repository-mock.go:69.105,70.33 1 1
authentication/tests/mocks/user-repository-mock.go:70.33,71.20 1 1
authentication/tests/mocks/user-repository-mock.go:71.20,73.4 1 1
authentication/tests/mocks/user-repository-mock.go:76.2,76.42 1 0
authentication/tests/mocks/user-repository-mock.go:79.83,81.22 2 1
authentication/tests/mocks/user-repository-mock.go:81.22,84.3 2 1
authentication/tests/mocks/user-repository-mock.go:86.2,86.12 1 1
authentication/tests/mocks/user-repository-mock.go:89.104,91.22 2 1
authentication/tests/mocks/user-repository-mock.go:91.22,93.3 1 0
authentication/tests/mocks/user-repository-mock.go:96.2,100.23 4 1
authentication/tests/mocks/user-repository-mock.go:103.107,105.22 2 1
authentication/tests/mocks/user-repository-mock.go:105.22,107.3 1 0
authentication/tests/mocks/user-repository-mock.go:109.2,114.26 5 1
authentication/tests/mocks/user-repository-mock.go:117.105,119.22 2 1
authentication/tests/mocks/user-repository-mock.go:119.22,121.3 1 1
authentication/tests/mocks/user-repository-mock.go:124.2,128.23 4 1
authentication/tests/mocks/user-repository-mock.go:131.87,132.33 1 1
authentication/tests/mocks/user-repository-mock.go:132.33,133.20 1 1
authentication/tests/mocks/user-repository-mock.go:133.20,136.4 2 1
authentication/tests/mocks/user-repository-mock.go:139.2,139.37 1 1
